<?xml version="1.0" encoding="UTF-8"?>
<!-- Generated by org.testng.reporters.JUnitXMLReporter -->
<testsuite ignored="27" hostname="LAPTOP-3ECM99MI" failures="0" tests="7" name="API Users TestCases" time="12.594" errors="0" timestamp="2024-04-02T10:06:09 IST">
  <testcase classname="userManagement.GetUsers" name="valiadateListContainsItems" time="6.193"/>
  <testcase classname="userManagement.GetUsers" name="validatePostWithJsonAsFile" time="1.36"/>
  <testcase classname="userManagement.GetUsers" name="validateResponseHasItems" time="0.423"/>
  <testcase classname="userManagement.GetErgast" name="testResponseBodyGetPathParms" time="0.659"/>
  <testcase classname="userManagement.GetJsonPlaceHolder" name="validateResponseHasItems" time="0.257"/>
  <testcase classname="userManagement.GetPostManEcho" name="testValidateBasicAuth" time="1.951"/>
  <testcase classname="userManagement.GetPostManEcho" name="testValidateDigestAuth" time="1.573"/>
  <testcase classname="userManagement.GetUsers" name="validateListContainsInOrder" time="0.0">
    <ignored/>
  </testcase> <!-- validateListContainsInOrder -->
  <testcase classname="core.BaseTest" name="@BeforeSuite config" time="0.0">
    <ignored/>
  </testcase> <!-- @BeforeSuite config -->
  <testcase classname="core.BaseTest" name="@BeforeSuite config" time="0.0">
    <ignored/>
  </testcase> <!-- @BeforeSuite config -->
  <testcase classname="userManagement.GetUsers" name="testGetUserListWithHeaders" time="0.0">
    <ignored/>
  </testcase> <!-- testGetUserListWithHeaders -->
  <testcase classname="userManagement.GetErgast" name="getJsonArray" time="0.0">
    <ignored/>
  </testcase> <!-- getJsonArray -->
  <testcase classname="core.BaseTest" name="@BeforeSuite config" time="0.0">
    <ignored/>
  </testcase> <!-- @BeforeSuite config -->
  <testcase classname="userManagement.GetJsonPlaceHolder" name="validateGetResponseBody" time="0.0">
    <ignored/>
  </testcase> <!-- validateGetResponseBody -->
  <testcase classname="userManagement.GetUsers" name="valiadateWithTestDataFromPropertiesFile_JsonFile" time="0.0">
    <ignored/>
  </testcase> <!-- valiadateWithTestDataFromPropertiesFile_JsonFile -->
  <testcase classname="userManagement.GetUsers" name="valiadateWithTestDataFromPropertiesFile" time="0.0">
    <ignored/>
  </testcase> <!-- valiadateWithTestDataFromPropertiesFile -->
  <testcase classname="userManagement.GetUsers" name="valiadateResponseHasSize" time="0.0">
    <ignored/>
  </testcase> <!-- valiadateResponseHasSize -->
  <testcase classname="userManagement.GetUsers" name="testFetchHeaders" time="0.0">
    <ignored/>
  </testcase> <!-- testFetchHeaders -->
  <testcase classname="userManagement.GetPostManEcho" name="validateWithTestDataFromJson" time="0.0">
    <ignored/>
  </testcase> <!-- validateWithTestDataFromJson -->
  <testcase classname="userManagement.GetUsers" name="testWithMapHeaders" time="0.0">
    <ignored/>
  </testcase> <!-- testWithMapHeaders -->
  <testcase classname="userManagement.GetUsers" name="testResponseHeaders" time="0.0">
    <ignored/>
  </testcase> <!-- testResponseHeaders -->
  <testcase classname="core.BaseTest" name="@AfterSuite endReport" time="0.0">
    <ignored/>
  </testcase> <!-- @AfterSuite endReport -->
  <testcase classname="userManagement.GetUsers" name="valiadateSoftAssertion" time="0.0">
    <ignored/>
  </testcase> <!-- valiadateSoftAssertion -->
  <testcase classname="userManagement.GetUsers" name="verifyStatusCodeDelete" time="0.0">
    <ignored/>
  </testcase> <!-- verifyStatusCodeDelete -->
  <testcase classname="userManagement.GetUsers" name="testFetchCookies" time="0.0">
    <ignored/>
  </testcase> <!-- testFetchCookies -->
  <testcase classname="userManagement.GetUsers" name="testUseCookies" time="0.0">
    <ignored/>
  </testcase> <!-- testUseCookies -->
  <testcase classname="userManagement.GetUsers" name="getUserData" time="0.0">
    <ignored/>
  </testcase> <!-- getUserData -->
  <testcase classname="core.BaseTest" name="@AfterSuite endReport" time="0.0">
    <ignored/>
  </testcase> <!-- @AfterSuite endReport -->
  <testcase classname="userManagement.GetErgast" name="getUserData" time="0.0">
    <ignored/>
  </testcase> <!-- getUserData -->
  <testcase classname="core.BaseTest" name="@AfterSuite endReport" time="0.0">
    <ignored/>
  </testcase> <!-- @AfterSuite endReport -->
  <testcase classname="userManagement.GetUsers" name="testGetUsersWithQueryParamaters" time="0.0">
    <ignored/>
  </testcase> <!-- testGetUsersWithQueryParamaters -->
  <testcase classname="userManagement.GetUsers" name="testWithTwoHeaders" time="0.0">
    <ignored/>
  </testcase> <!-- testWithTwoHeaders -->
  <testcase classname="userManagement.GetUsers" name="testGetUsersWithMultipleQuaryParms" time="0.0">
    <ignored/>
  </testcase> <!-- testGetUsersWithMultipleQuaryParms -->
  <testcase classname="userManagement.GetUsers" name="valiadateListHasSize" time="0.0">
    <ignored/>
  </testcase> <!-- valiadateListHasSize -->
</testsuite> <!-- API Users TestCases -->
