<?xml version="1.0" encoding="UTF-8"?>
<!-- Generated by org.testng.reporters.JUnitXMLReporter -->
<testsuite ignored="19" hostname="LAPTOP-3ECM99MI" failures="0" tests="6" name="API TestCases" time="9.853" errors="0" timestamp="2024-03-31T10:42:25 IST">
  <testcase classname="userManagement.GetErgast" name="testResponseBodyGetPathParms" time="3.718"/>
  <testcase classname="userManagement.GetUsers" name="getUserData" time="0.465"/>
  <testcase classname="userManagement.GetUsers" name="valiadateListContainsItems" time="1.705"/>
  <testcase classname="userManagement.GetJsonPlaceHolder" name="validateGetResponseBody" time="0.253"/>
  <testcase classname="userManagement.GetPostManEcho" name="testValidateBasicAuth" time="1.797"/>
  <testcase classname="userManagement.GetPostManEcho" name="validateWithTestDataFromJson" time="1.711"/>
  <testcase classname="userManagement.GetUsers" name="valiadateListHasSize" time="0.0">
    <ignored/>
  </testcase> <!-- valiadateListHasSize -->
  <testcase classname="userManagement.GetUsers" name="testGetUserListWithHeaders" time="0.0">
    <ignored/>
  </testcase> <!-- testGetUserListWithHeaders -->
  <testcase classname="userManagement.GetUsers" name="verifyStatusCodeDelete" time="0.0">
    <ignored/>
  </testcase> <!-- verifyStatusCodeDelete -->
  <testcase classname="userManagement.GetUsers" name="testFetchCookies" time="0.0">
    <ignored/>
  </testcase> <!-- testFetchCookies -->
  <testcase classname="userManagement.GetJsonPlaceHolder" name="validateResponseHasItems" time="0.0">
    <ignored/>
  </testcase> <!-- validateResponseHasItems -->
  <testcase classname="userManagement.GetUsers" name="valiadateResponseHasSize" time="0.0">
    <ignored/>
  </testcase> <!-- valiadateResponseHasSize -->
  <testcase classname="userManagement.GetUsers" name="valiadateWithTestDataFromPropertiesFile_JsonFile" time="0.0">
    <ignored/>
  </testcase> <!-- valiadateWithTestDataFromPropertiesFile_JsonFile -->
  <testcase classname="userManagement.GetUsers" name="validateResponseHasItems" time="0.0">
    <ignored/>
  </testcase> <!-- validateResponseHasItems -->
  <testcase classname="userManagement.GetPostManEcho" name="testValidateDigestAuth" time="0.0">
    <ignored/>
  </testcase> <!-- testValidateDigestAuth -->
  <testcase classname="userManagement.GetUsers" name="valiadateWithTestDataFromPropertiesFile" time="0.0">
    <ignored/>
  </testcase> <!-- valiadateWithTestDataFromPropertiesFile -->
  <testcase classname="userManagement.GetUsers" name="testUseCookies" time="0.0">
    <ignored/>
  </testcase> <!-- testUseCookies -->
  <testcase classname="userManagement.GetUsers" name="testFetchHeaders" time="0.0">
    <ignored/>
  </testcase> <!-- testFetchHeaders -->
  <testcase classname="userManagement.GetUsers" name="testWithTwoHeaders" time="0.0">
    <ignored/>
  </testcase> <!-- testWithTwoHeaders -->
  <testcase classname="userManagement.GetUsers" name="testWithMapHeaders" time="0.0">
    <ignored/>
  </testcase> <!-- testWithMapHeaders -->
  <testcase classname="userManagement.GetUsers" name="valiadateSoftAssertion" time="0.0">
    <ignored/>
  </testcase> <!-- valiadateSoftAssertion -->
  <testcase classname="userManagement.GetUsers" name="testResponseHeaders" time="0.0">
    <ignored/>
  </testcase> <!-- testResponseHeaders -->
  <testcase classname="userManagement.GetUsers" name="testGetUsersWithQueryParamaters" time="0.0">
    <ignored/>
  </testcase> <!-- testGetUsersWithQueryParamaters -->
  <testcase classname="userManagement.GetUsers" name="testGetUsersWithMultipleQuaryParms" time="0.0">
    <ignored/>
  </testcase> <!-- testGetUsersWithMultipleQuaryParms -->
  <testcase classname="userManagement.GetUsers" name="validateListContainsInOrder" time="0.0">
    <ignored/>
  </testcase> <!-- validateListContainsInOrder -->
</testsuite> <!-- API TestCases -->
